[2021-10-21 21:01:27,168] DEBUG in urllib3.connectionpool: Starting new HTTP connection (1): localhost:8001
[2021-10-21 21:01:27,170] DEBUG in urllib3.connectionpool: http://localhost:8001 "GET /verifyUser HTTP/1.1" 200 4
[2021-10-21 21:01:27,176] DEBUG in urllib3.connectionpool: Starting new HTTP connection (1): localhost:8001
[2021-10-21 21:01:27,179] DEBUG in urllib3.connectionpool: http://localhost:8001 "GET /get_following HTTP/1.1" 200 55
[2021-10-21 21:03:42,547] DEBUG in urllib3.connectionpool: Starting new HTTP connection (1): localhost:8001
[2021-10-21 21:03:42,550] DEBUG in urllib3.connectionpool: http://localhost:8001 "GET /verifyUser HTTP/1.1" 200 4
[2021-10-21 21:04:10,705] DEBUG in urllib3.connectionpool: Starting new HTTP connection (1): localhost:8001
[2021-10-21 21:04:10,707] DEBUG in urllib3.connectionpool: http://localhost:8001 "GET /verifyUser HTTP/1.1" 200 4
[2021-10-21 23:36:36,401] DEBUG in urllib3.connectionpool: Starting new HTTP connection (1): localhost:8001
[2021-10-21 23:36:43,860] DEBUG in urllib3.connectionpool: Starting new HTTP connection (1): localhost:8001
[2021-10-21 23:36:57,772] DEBUG in urllib3.connectionpool: Starting new HTTP connection (1): localhost:8001
[2021-10-21 23:37:01,423] DEBUG in urllib3.connectionpool: Starting new HTTP connection (1): localhost:8001
[2021-10-21 23:43:47,839] DEBUG in urllib3.connectionpool: Starting new HTTP connection (1): localhost:5000
[2021-10-21 23:43:47,852] DEBUG in urllib3.connectionpool: http://localhost:5000 "GET /verifyUser HTTP/1.1" 200 4
[2021-10-21 23:52:01,626] DEBUG in urllib3.connectionpool: Starting new HTTP connection (1): localhost:5000
[2021-10-21 23:52:01,629] DEBUG in urllib3.connectionpool: http://localhost:5000 "GET /verifyUser HTTP/1.1" 200 4
[2021-10-21 23:52:01,633] DEBUG in urllib3.connectionpool: Starting new HTTP connection (1): localhost:5000
[2021-10-21 23:52:01,635] DEBUG in urllib3.connectionpool: http://localhost:5000 "GET /get_following HTTP/1.1" 200 86
[2021-10-21 23:52:28,929] DEBUG in urllib3.connectionpool: Starting new HTTP connection (1): localhost:5000
[2021-10-21 23:52:28,931] DEBUG in urllib3.connectionpool: http://localhost:5000 "GET /verifyUser HTTP/1.1" 200 4
[2021-10-21 23:53:35,637] DEBUG in urllib3.connectionpool: Starting new HTTP connection (1): localhost:5000
[2021-10-21 23:53:35,639] DEBUG in urllib3.connectionpool: http://localhost:5000 "GET /verifyUser HTTP/1.1" 200 4
[2021-10-21 23:53:40,127] DEBUG in urllib3.connectionpool: Starting new HTTP connection (1): localhost:5000
[2021-10-21 23:53:40,128] DEBUG in urllib3.connectionpool: http://localhost:5000 "GET /verifyUser HTTP/1.1" 200 4
[2021-10-22 08:42:57,979] DEBUG in urllib3.connectionpool: Starting new HTTP connection (1): localhost:5000
[2021-10-22 08:42:57,981] DEBUG in urllib3.connectionpool: http://localhost:5000 "GET /verifyUser HTTP/1.1" 200 4
[2021-10-22 08:44:11,708] DEBUG in urllib3.connectionpool: Starting new HTTP connection (1): localhost:5000
[2021-10-22 08:44:11,710] DEBUG in urllib3.connectionpool: http://localhost:5000 "GET /verifyUser HTTP/1.1" 200 4
[2021-10-22 08:44:11,713] DEBUG in urllib3.connectionpool: Starting new HTTP connection (1): localhost:5000
[2021-10-22 08:44:11,714] DEBUG in urllib3.connectionpool: http://localhost:5000 "GET /get_following HTTP/1.1" 200 86
[2021-10-22 08:50:18,332] DEBUG in urllib3.connectionpool: Starting new HTTP connection (1): localhost:5000
[2021-10-22 08:50:18,334] DEBUG in urllib3.connectionpool: http://localhost:5000 "GET /verifyUser HTTP/1.1" 200 4
[2021-10-22 08:50:23,427] DEBUG in urllib3.connectionpool: Starting new HTTP connection (1): localhost:5000
[2021-10-22 08:50:23,429] DEBUG in urllib3.connectionpool: http://localhost:5000 "GET /verifyUser HTTP/1.1" 200 4
[2021-10-22 08:51:11,234] DEBUG in urllib3.connectionpool: Starting new HTTP connection (1): localhost:5000
[2021-10-22 08:51:11,236] DEBUG in urllib3.connectionpool: http://localhost:5000 "GET /verifyUser HTTP/1.1" 200 4
[2021-10-22 08:51:44,568] DEBUG in urllib3.connectionpool: Starting new HTTP connection (1): localhost:5000
[2021-10-22 08:51:44,570] DEBUG in urllib3.connectionpool: http://localhost:5000 "GET /verifyUser HTTP/1.1" 200 4
[2021-10-22 08:51:49,735] DEBUG in urllib3.connectionpool: Starting new HTTP connection (1): localhost:5000
[2021-10-22 08:51:49,737] DEBUG in urllib3.connectionpool: http://localhost:5000 "GET /verifyUser HTTP/1.1" 200 4
[2021-10-22 17:23:38,732] DEBUG in urllib3.connectionpool: Starting new HTTP connection (1): localhost:5000
[2021-10-22 17:23:38,744] DEBUG in urllib3.connectionpool: http://localhost:5000 "GET /verify/ HTTP/1.1" 200 4
[2021-10-22 17:26:27,200] DEBUG in urllib3.connectionpool: Starting new HTTP connection (1): localhost:5000
[2021-10-22 17:26:27,210] DEBUG in urllib3.connectionpool: http://localhost:5000 "GET /verify/ HTTP/1.1" 500 141
[2021-10-22 17:26:52,735] DEBUG in urllib3.connectionpool: Starting new HTTP connection (1): localhost:5000
[2021-10-22 17:26:52,737] DEBUG in urllib3.connectionpool: http://localhost:5000 "GET /verify/ HTTP/1.1" 500 141
[2021-10-22 17:58:46,059] DEBUG in urllib3.connectionpool: Starting new HTTP connection (1): localhost:5000
[2021-10-22 17:58:46,061] DEBUG in urllib3.connectionpool: http://localhost:5000 "GET /verify/ HTTP/1.1" 200 4
[2021-10-22 18:02:38,049] DEBUG in urllib3.connectionpool: Starting new HTTP connection (1): localhost:5000
[2021-10-22 18:02:38,050] DEBUG in urllib3.connectionpool: http://localhost:5000 "GET /verify/ HTTP/1.1" 200 4
[2021-10-22 18:02:38,053] DEBUG in urllib3.connectionpool: Starting new HTTP connection (1): localhost:5000
[2021-10-22 18:02:38,055] DEBUG in urllib3.connectionpool: http://localhost:5000 "GET /following/rye HTTP/1.1" 200 57
[2021-10-22 18:07:43,069] DEBUG in urllib3.connectionpool: Starting new HTTP connection (1): localhost:5000
[2021-10-22 18:07:43,071] DEBUG in urllib3.connectionpool: http://localhost:5000 "GET /verify/ HTTP/1.1" 200 4
[2021-10-22 18:09:03,286] DEBUG in urllib3.connectionpool: Starting new HTTP connection (1): localhost:5000
[2021-10-22 18:09:03,288] DEBUG in urllib3.connectionpool: http://localhost:5000 "GET /verify/ HTTP/1.1" 200 4
[2021-10-22 18:09:19,294] DEBUG in urllib3.connectionpool: Starting new HTTP connection (1): localhost:5000
[2021-10-22 18:09:19,296] DEBUG in urllib3.connectionpool: http://localhost:5000 "GET /verify/ HTTP/1.1" 200 4
[2021-10-22 18:10:01,291] DEBUG in urllib3.connectionpool: Starting new HTTP connection (1): localhost:5000
[2021-10-22 18:10:01,292] DEBUG in urllib3.connectionpool: http://localhost:5000 "GET /verify/ HTTP/1.1" 200 4
